TN:
SF:/Users/cliffano/dev/workspace/swaggy-jenkins-cli/lib/cli.js
FN:4,_responseToDefinition
FN:21,exec
FNF:2
FNH:2
FNDA:2,_responseToDefinition
FNDA:3,exec
DA:1,1
DA:2,1
DA:4,1
DA:6,2
DA:7,2
DA:9,2
DA:15,2
DA:21,1
DA:23,3
DA:29,3
DA:32,1
LF:11
LH:11
BRDA:7,1,0,2
BRDA:7,1,1,1
BRDA:11,2,0,1
BRDA:11,2,1,1
BRDA:12,3,0,2
BRDA:12,3,1,2
BRF:6
BRH:6
end_of_record
TN:
SF:/Users/cliffano/dev/workspace/swaggy-jenkins-cli/lib/swaggyjenkinscli.js
FN:13,SwaggyJenkinsCli
FN:26,(anonymous_2)
FN:29,definitionsCb
FN:46,(anonymous_4)
FN:52,(anonymous_5)
FN:70,(anonymous_6)
FN:88,(anonymous_7)
FN:90,(anonymous_8)
FNF:8
FNH:8
FNDA:10,SwaggyJenkinsCli
FNDA:2,(anonymous_2)
FNDA:2,definitionsCb
FNDA:2,(anonymous_4)
FNDA:3,(anonymous_5)
FNDA:2,(anonymous_6)
FNDA:1,(anonymous_7)
FNDA:2,(anonymous_8)
DA:1,1
DA:2,1
DA:3,1
DA:4,1
DA:5,1
DA:6,1
DA:13,1
DA:14,10
DA:26,1
DA:28,2
DA:29,1
DA:30,2
DA:31,1
DA:33,2
DA:36,2
DA:37,2
DA:46,1
DA:48,2
DA:49,2
DA:51,2
DA:52,2
DA:53,3
DA:54,3
DA:55,3
DA:56,3
DA:57,3
DA:59,2
DA:70,1
DA:71,2
DA:72,1
DA:73,1
DA:74,1
DA:76,1
DA:88,1
DA:90,1
DA:91,2
DA:96,1
LF:37
LH:37
BRDA:30,1,0,1
BRDA:30,1,1,1
BRDA:49,2,0,1
BRDA:49,2,1,1
BRDA:53,3,0,2
BRDA:53,3,1,1
BRDA:71,4,0,1
BRDA:71,4,1,1
BRF:8
BRH:8
end_of_record
TN:
SF:/Users/cliffano/dev/workspace/swaggy-jenkins-cli/lib/processor.js
FN:21,generateDefinitions
FN:22,(anonymous_2)
FN:39,processObject
FN:54,(anonymous_4)
FN:82,(anonymous_5)
FN:101,processArray
FN:133,_processStringProperty
FN:139,_processNullProperty
FN:145,_processNumberProperty
FN:151,_processArrayProperty
FN:181,_processObjectProperty
FN:197,_processBooleanProperty
FN:203,_processUnknownProperty
FNF:13
FNH:13
FNDA:2,generateDefinitions
FNDA:2,(anonymous_2)
FNDA:3,processObject
FNDA:15,(anonymous_4)
FNDA:2,(anonymous_5)
FNDA:5,processArray
FNDA:1,_processStringProperty
FNDA:1,_processNullProperty
FNDA:1,_processNumberProperty
FNDA:5,_processArrayProperty
FNDA:3,_processObjectProperty
FNDA:1,_processBooleanProperty
FNDA:1,_processUnknownProperty
DA:1,1
DA:2,1
DA:3,1
DA:5,1
DA:6,1
DA:21,1
DA:22,2
DA:23,2
DA:24,1
DA:26,1
DA:39,1
DA:40,3
DA:41,1
DA:42,1
DA:45,3
DA:46,3
DA:48,3
DA:54,3
DA:55,15
DA:56,6
DA:58,9
DA:59,9
DA:60,9
DA:61,9
DA:62,1
DA:63,8
DA:64,3
DA:65,5
DA:66,1
DA:67,4
DA:68,1
DA:69,3
DA:70,1
DA:71,1
DA:72,2
DA:73,1
DA:75,1
DA:79,3
DA:80,3
DA:81,2
DA:82,2
DA:83,2
DA:84,1
DA:85,1
DA:89,1
DA:101,1
DA:102,5
DA:103,5
DA:104,5
DA:105,4
DA:107,4
DA:110,4
DA:111,1
DA:114,1
DA:115,3
DA:116,2
DA:117,1
DA:118,1
DA:120,2
DA:121,2
DA:124,2
DA:126,1
DA:129,1
DA:133,1
DA:134,1
DA:139,1
DA:140,1
DA:145,1
DA:146,1
DA:151,1
DA:152,5
DA:153,4
DA:154,1
DA:160,3
DA:161,2
DA:162,1
DA:163,1
DA:165,2
DA:166,2
DA:172,2
DA:174,1
DA:177,1
DA:181,1
DA:182,3
DA:183,2
DA:184,1
DA:185,1
DA:187,2
DA:188,2
DA:191,2
DA:193,1
DA:197,1
DA:198,1
DA:203,1
DA:204,1
DA:207,1
DA:208,1
DA:209,1
DA:210,1
DA:211,1
DA:212,1
DA:213,1
DA:214,1
DA:215,1
DA:216,1
LF:105
LH:105
BRDA:23,1,0,1
BRDA:23,1,1,1
BRDA:40,2,0,1
BRDA:40,2,1,2
BRDA:55,3,0,6
BRDA:55,3,1,9
BRDA:61,4,0,1
BRDA:61,4,1,8
BRDA:63,5,0,3
BRDA:63,5,1,5
BRDA:65,6,0,1
BRDA:65,6,1,4
BRDA:67,7,0,1
BRDA:67,7,1,3
BRDA:69,8,0,1
BRDA:69,8,1,2
BRDA:72,9,0,1
BRDA:72,9,1,1
BRDA:80,10,0,2
BRDA:80,10,1,1
BRDA:83,11,0,1
BRDA:83,11,1,1
BRDA:104,12,0,4
BRDA:104,12,1,1
BRDA:110,13,0,1
BRDA:110,13,1,3
BRDA:115,14,0,2
BRDA:115,14,1,1
BRDA:116,15,0,1
BRDA:116,15,1,1
BRDA:152,16,0,4
BRDA:152,16,1,1
BRDA:153,17,0,1
BRDA:153,17,1,3
BRDA:160,18,0,2
BRDA:160,18,1,1
BRDA:161,19,0,1
BRDA:161,19,1,1
BRDA:182,20,0,2
BRDA:182,20,1,1
BRDA:183,21,0,1
BRDA:183,21,1,1
BRF:42
BRH:42
end_of_record
TN:
SF:/Users/cliffano/dev/workspace/swaggy-jenkins-cli/lib/reporter.js
FN:11,_console
FN:22,file
FNF:2
FNH:2
FNDA:1,_console
FNDA:1,file
DA:1,1
DA:2,1
DA:3,1
DA:11,1
DA:12,1
DA:22,1
DA:23,1
DA:24,1
DA:25,1
DA:28,1
DA:29,1
LF:11
LH:11
BRF:0
BRH:0
end_of_record
